2024-10-06T19:52:39.025Z P:17332 T:29448] SyncServiceImpl::ResetEngine,Reset engine with reason: 8
2024-10-06T19:52:39.025Z P:17332 T:29448] ModelLoadManager::Stop,Stopped: Bookmarks
2024-10-06T19:52:39.025Z P:17332 T:29448] ModelLoadManager::Stop,Stopped: Preferences
2024-10-06T19:52:39.025Z P:17332 T:29448] ModelLoadManager::Stop,Stopped: Passwords
2024-10-06T19:52:39.025Z P:17332 T:29448] ModelLoadManager::Stop,Stopped: Autofill Profiles
2024-10-06T19:52:39.025Z P:17332 T:29448] ModelLoadManager::Stop,Stopped: Autofill
2024-10-06T19:52:39.025Z P:17332 T:29448] ModelLoadManager::Stop,Stopped: Typed URLs
2024-10-06T19:52:39.025Z P:17332 T:29448] ModelLoadManager::Stop,Stopped: Extensions
2024-10-06T19:52:39.025Z P:17332 T:29448] ModelLoadManager::Stop,Stopped: Sessions
2024-10-06T19:52:39.025Z P:17332 T:29448] ModelLoadManager::Stop,Stopped: Extension settings
2024-10-06T19:52:39.025Z P:17332 T:29448] ModelLoadManager::Stop,Stopped: History Delete Directives
2024-10-06T19:52:39.025Z P:17332 T:29448] ModelLoadManager::Stop,Stopped: Device Info
2024-10-06T19:52:39.025Z P:17332 T:29448] ModelLoadManager::Stop,Stopped: User Consents
2024-10-06T19:52:39.025Z P:17332 T:29448] ModelLoadManager::Stop,Stopped: Send Tab To Self
2024-10-06T19:52:39.025Z P:17332 T:29448] ModelLoadManager::Stop,Stopped: Web Apps
2024-10-06T19:52:39.025Z P:17332 T:29448] ModelLoadManager::Stop,Stopped: History
2024-10-06T19:52:39.025Z P:17332 T:29448] ModelLoadManager::Stop,Stopped: Collection
2024-10-06T19:52:39.025Z P:17332 T:29448] ModelLoadManager::Stop,Stopped: Edge E Drop
2024-10-06T19:52:39.025Z P:17332 T:29448] ModelLoadManager::Stop,Stopped: Edge Hub App Usage
2024-10-06T19:52:39.025Z P:17332 T:29448] ModelLoadManager::Stop,Stopped: Edge Tab Group
2024-10-06T19:52:39.025Z P:17332 T:29448] ModelLoadManager::Stop,Stopped: Edge Wallet
2024-10-06T19:52:39.025Z P:17332 T:29448] SyncServiceImpl::Initialize,SyncState after authenticated was: NotSignedIn
2024-10-06T19:52:39.025Z P:17332 T:29448] SyncServiceImpl::ResetEngine,Reset engine with reason: 3
2024-10-06T19:52:39.025Z P:17332 T:29448] ModelLoadManager::Stop,Stopped: Bookmarks
2024-10-06T19:52:39.025Z P:17332 T:29448] ModelLoadManager::Stop,Stopped: Preferences
2024-10-06T19:52:39.025Z P:17332 T:29448] ModelLoadManager::Stop,Stopped: Passwords
2024-10-06T19:52:39.025Z P:17332 T:29448] ModelLoadManager::Stop,Stopped: Autofill Profiles
2024-10-06T19:52:39.025Z P:17332 T:29448] ModelLoadManager::Stop,Stopped: Autofill
2024-10-06T19:52:39.025Z P:17332 T:29448] ModelLoadManager::Stop,Stopped: Typed URLs
2024-10-06T19:52:39.025Z P:17332 T:29448] ModelLoadManager::Stop,Stopped: Extensions
2024-10-06T19:52:39.025Z P:17332 T:29448] ModelLoadManager::Stop,Stopped: Sessions
2024-10-06T19:52:39.025Z P:17332 T:29448] ModelLoadManager::Stop,Stopped: Extension settings
2024-10-06T19:52:39.025Z P:17332 T:29448] ModelLoadManager::Stop,Stopped: History Delete Directives
2024-10-06T19:52:39.025Z P:17332 T:29448] ModelLoadManager::Stop,Stopped: Device Info
2024-10-06T19:52:39.025Z P:17332 T:29448] ModelLoadManager::Stop,Stopped: User Consents
2024-10-06T19:52:39.026Z P:17332 T:29448] ModelLoadManager::Stop,Stopped: Send Tab To Self
2024-10-06T19:52:39.026Z P:17332 T:29448] ModelLoadManager::Stop,Stopped: Web Apps
2024-10-06T19:52:39.026Z P:17332 T:29448] ModelLoadManager::Stop,Stopped: History
2024-10-06T19:52:39.026Z P:17332 T:29448] ModelLoadManager::Stop,Stopped: Collection
2024-10-06T19:52:39.026Z P:17332 T:29448] ModelLoadManager::Stop,Stopped: Edge E Drop
2024-10-06T19:52:39.026Z P:17332 T:29448] ModelLoadManager::Stop,Stopped: Edge Hub App Usage
2024-10-06T19:52:39.026Z P:17332 T:29448] ModelLoadManager::Stop,Stopped: Edge Tab Group
2024-10-06T19:52:39.026Z P:17332 T:29448] ModelLoadManager::Stop,Stopped: Edge Wallet
2024-10-06T19:52:39.870Z P:17332 T:29448] SyncServiceImpl::ResetEngine,Reset engine with reason: 8
2024-10-06T19:52:39.870Z P:17332 T:29448] ModelLoadManager::Stop,Stopped: Bookmarks
2024-10-06T19:52:39.870Z P:17332 T:29448] ModelLoadManager::Stop,Stopped: Preferences
2024-10-06T19:52:39.870Z P:17332 T:29448] ModelLoadManager::Stop,Stopped: Passwords
2024-10-06T19:52:39.870Z P:17332 T:29448] ModelLoadManager::Stop,Stopped: Autofill Profiles
2024-10-06T19:52:39.870Z P:17332 T:29448] ModelLoadManager::Stop,Stopped: Autofill
2024-10-06T19:52:39.870Z P:17332 T:29448] ModelLoadManager::Stop,Stopped: Typed URLs
2024-10-06T19:52:39.870Z P:17332 T:29448] ModelLoadManager::Stop,Stopped: Extensions
2024-10-06T19:52:39.871Z P:17332 T:29448] ModelLoadManager::Stop,Stopped: Sessions
2024-10-06T19:52:39.871Z P:17332 T:29448] ModelLoadManager::Stop,Stopped: Extension settings
2024-10-06T19:52:39.871Z P:17332 T:29448] ModelLoadManager::Stop,Stopped: History Delete Directives
2024-10-06T19:52:39.871Z P:17332 T:29448] ModelLoadManager::Stop,Stopped: Device Info
2024-10-06T19:52:39.871Z P:17332 T:29448] ModelLoadManager::Stop,Stopped: User Consents
2024-10-06T19:52:39.871Z P:17332 T:29448] ModelLoadManager::Stop,Stopped: Send Tab To Self
2024-10-06T19:52:39.871Z P:17332 T:29448] ModelLoadManager::Stop,Stopped: Web Apps
2024-10-06T19:52:39.871Z P:17332 T:29448] ModelLoadManager::Stop,Stopped: History
2024-10-06T19:52:39.871Z P:17332 T:29448] ModelLoadManager::Stop,Stopped: Collection
2024-10-06T19:52:39.871Z P:17332 T:29448] ModelLoadManager::Stop,Stopped: Edge E Drop
2024-10-06T19:52:39.871Z P:17332 T:29448] ModelLoadManager::Stop,Stopped: Edge Hub App Usage
2024-10-06T19:52:39.871Z P:17332 T:29448] ModelLoadManager::Stop,Stopped: Edge Tab Group
2024-10-06T19:52:39.871Z P:17332 T:29448] ModelLoadManager::Stop,Stopped: Edge Wallet
2024-10-06T20:27:05.603Z P:10696 T:20056] SyncServiceImpl::Initialize,SyncState after authenticated was: FeatureNotRequestedNotSetup
2024-10-06T20:47:39.893Z P:7672 T:29536] SyncServiceImpl::Initialize,SyncState after authenticated was: FeatureNotRequestedNotSetup
2024-10-06T23:41:53.541Z P:28320 T:21428] SyncServiceImpl::Initialize,SyncState after authenticated was: FeatureNotRequestedNotSetup
2024-10-07T00:05:13.157Z P:18228 T:2920] SyncServiceImpl::Initialize,SyncState after authenticated was: FeatureNotRequestedNotSetup
2024-10-07T00:08:53.626Z P:18228 T:2920] SyncServiceImpl::ResetEngine,Reset engine with reason: 0
2024-10-07T00:26:41.067Z P:24600 T:10900] SyncServiceImpl::Initialize,SyncState after authenticated was: FeatureNotRequestedNotSetup
2024-10-07T00:30:39.242Z P:17288 T:11256] SyncServiceImpl::Initialize,SyncState after authenticated was: FeatureNotRequestedNotSetup
2024-10-07T01:33:50.682Z P:23220 T:3832] SyncServiceImpl::Initialize,SyncState after authenticated was: FeatureNotRequestedNotSetup
2024-10-07T01:58:46.563Z P:3792 T:31500] SyncServiceImpl::Initialize,SyncState after authenticated was: FeatureNotRequestedNotSetup
2024-10-07T14:36:19.375Z P:14324 T:448] SyncServiceImpl::Initialize,SyncState after authenticated was: FeatureNotRequestedNotSetup
2024-10-07T16:24:26.111Z P:7664 T:31284] SyncServiceImpl::Initialize,SyncState after authenticated was: FeatureNotRequestedNotSetup
2024-10-07T16:29:27.809Z P:10884 T:32836] SyncServiceImpl::Initialize,SyncState after authenticated was: FeatureNotRequestedNotSetup
2024-10-07T17:32:14.283Z P:16696 T:12640] SyncServiceImpl::Initialize,SyncState after authenticated was: FeatureNotRequestedNotSetup
2024-10-07T17:51:42.253Z P:17932 T:11112] SyncServiceImpl::Initialize,SyncState after authenticated was: FeatureNotRequestedNotSetup
2024-10-07T17:55:41.885Z P:3208 T:15936] SyncServiceImpl::Initialize,SyncState after authenticated was: FeatureNotRequestedNotSetup
2024-10-07T18:07:12.815Z P:21808 T:33292] SyncServiceImpl::Initialize,SyncState after authenticated was: FeatureNotRequestedNotSetup
2024-10-07T18:20:06.396Z P:21808 T:33292] SyncServiceImpl::ResetEngine,Reset engine with reason: 0
2024-10-07T18:21:11.408Z P:32908 T:33316] SyncServiceImpl::Initialize,SyncState after authenticated was: FeatureNotRequestedNotSetup
2024-10-07T18:33:58.446Z P:8380 T:14080] SyncServiceImpl::Initialize,SyncState after authenticated was: FeatureNotRequestedNotSetup
2024-10-07T19:18:17.147Z P:32160 T:7156] SyncServiceImpl::Initialize,SyncState after authenticated was: FeatureNotRequestedNotSetup
2024-10-07T19:22:24.933Z P:27628 T:8028] SyncServiceImpl::Initialize,SyncState after authenticated was: FeatureNotRequestedNotSetup
2024-10-07T19:39:05.915Z P:27628 T:8028] SyncServiceImpl::ResetEngine,Reset engine with reason: 0
2024-10-07T19:40:03.502Z P:25048 T:10996] SyncServiceImpl::Initialize,SyncState after authenticated was: FeatureNotRequestedNotSetup
2024-10-07T19:52:59.273Z P:25048 T:10996] SyncServiceImpl::ResetEngine,Reset engine with reason: 0
2024-10-07T19:59:19.704Z P:18964 T:32372] SyncServiceImpl::Initialize,SyncState after authenticated was: FeatureNotRequestedNotSetup
2024-10-07T20:03:08.009Z P:2856 T:25356] SyncServiceImpl::Initialize,SyncState after authenticated was: FeatureNotRequestedNotSetup
2024-10-07T20:29:57.183Z P:28816 T:33216] SyncServiceImpl::Initialize,SyncState after authenticated was: FeatureNotRequestedNotSetup
2024-10-07T20:36:43.069Z P:20688 T:23652] SyncServiceImpl::Initialize,SyncState after authenticated was: FeatureNotRequestedNotSetup
2024-10-07T20:40:44.156Z P:4688 T:25960] SyncServiceImpl::Initialize,SyncState after authenticated was: FeatureNotRequestedNotSetup
2024-10-07T20:53:33.867Z P:4688 T:25960] SyncServiceImpl::ResetEngine,Reset engine with reason: 0
2024-10-07T20:54:37.361Z P:29388 T:6292] SyncServiceImpl::Initialize,SyncState after authenticated was: FeatureNotRequestedNotSetup
2024-10-07T21:12:30.207Z P:13776 T:25128] SyncServiceImpl::Initialize,SyncState after authenticated was: FeatureNotRequestedNotSetup
2024-10-07T22:49:26.286Z P:13776 T:25128] SyncServiceImpl::ResetEngine,Reset engine with reason: 0
2024-10-07T23:06:35.229Z P:20352 T:27844] SyncServiceImpl::Initialize,SyncState after authenticated was: FeatureNotRequestedNotSetup
2024-10-07T23:26:28.979Z P:31420 T:30692] SyncServiceImpl::Initialize,SyncState after authenticated was: FeatureNotRequestedNotSetup
2024-10-07T23:34:56.694Z P:31420 T:30692] SyncServiceImpl::ResetEngine,Reset engine with reason: 0
2024-10-07T23:35:50.572Z P:28872 T:11868] SyncServiceImpl::Initialize,SyncState after authenticated was: FeatureNotRequestedNotSetup
2024-10-08T00:07:24.937Z P:6524 T:24468] SyncServiceImpl::Initialize,SyncState after authenticated was: FeatureNotRequestedNotSetup
2024-10-08T00:44:53.375Z P:4820 T:24268] SyncServiceImpl::Initialize,SyncState after authenticated was: FeatureNotRequestedNotSetup
2024-10-08T12:45:50.295Z P:30588 T:32604] SyncServiceImpl::Initialize,SyncState after authenticated was: FeatureNotRequestedNotSetup
2024-10-08T12:50:51.801Z P:8704 T:23736] SyncServiceImpl::Initialize,SyncState after authenticated was: FeatureNotRequestedNotSetup
2024-10-08T13:14:23.107Z P:9936 T:31792] SyncServiceImpl::Initialize,SyncState after authenticated was: FeatureNotRequestedNotSetup
2024-10-08T13:26:33.745Z P:9936 T:31792] SyncServiceImpl::ResetEngine,Reset engine with reason: 0
2024-10-08T13:54:54.277Z P:4636 T:4464] SyncServiceImpl::Initialize,SyncState after authenticated was: FeatureNotRequestedNotSetup
2024-10-08T14:15:21.239Z P:4636 T:4464] SyncServiceImpl::ResetEngine,Reset engine with reason: 0
2024-10-08T14:20:15.770Z P:32008 T:25288] SyncServiceImpl::Initialize,SyncState after authenticated was: FeatureNotRequestedNotSetup
2024-10-08T14:28:24.842Z P:32008 T:25288] SyncServiceImpl::ResetEngine,Reset engine with reason: 0
2024-10-08T14:43:08.290Z P:25476 T:11536] SyncServiceImpl::Initialize,SyncState after authenticated was: FeatureNotRequestedNotSetup
2024-10-08T14:50:22.657Z P:12756 T:24800] SyncServiceImpl::Initialize,SyncState after authenticated was: FeatureNotRequestedNotSetup
2024-10-08T14:55:24.128Z P:19712 T:14556] SyncServiceImpl::Initialize,SyncState after authenticated was: FeatureNotRequestedNotSetup
2024-10-08T15:01:01.835Z P:19712 T:14556] SyncServiceImpl::ResetEngine,Reset engine with reason: 0
2024-10-08T15:08:18.961Z P:30084 T:1276] SyncServiceImpl::Initialize,SyncState after authenticated was: FeatureNotRequestedNotSetup
2024-10-08T15:11:52.963Z P:7476 T:11284] SyncServiceImpl::Initialize,SyncState after authenticated was: FeatureNotRequestedNotSetup
2024-10-08T16:45:18.491Z P:32372 T:12108] SyncServiceImpl::Initialize,SyncState after authenticated was: FeatureNotRequestedNotSetup
2024-10-08T17:26:32.493Z P:22464 T:24044] SyncServiceImpl::Initialize,SyncState after authenticated was: FeatureNotRequestedNotSetup
2024-10-08T17:31:26.574Z P:31700 T:29600] SyncServiceImpl::Initialize,SyncState after authenticated was: FeatureNotRequestedNotSetup
2024-10-08T18:27:31.192Z P:7224 T:32480] SyncServiceImpl::Initialize,SyncState after authenticated was: FeatureNotRequestedNotSetup
2024-10-08T18:33:32.103Z P:19232 T:24964] SyncServiceImpl::Initialize,SyncState after authenticated was: FeatureNotRequestedNotSetup
2024-10-08T18:43:51.689Z P:24608 T:31344] SyncServiceImpl::Initialize,SyncState after authenticated was: FeatureNotRequestedNotSetup
2024-10-08T18:54:03.033Z P:24352 T:32252] SyncServiceImpl::Initialize,SyncState after authenticated was: FeatureNotRequestedNotSetup
2024-10-08T19:21:27.811Z P:16160 T:1812] SyncServiceImpl::Initialize,SyncState after authenticated was: FeatureNotRequestedNotSetup
2024-10-08T20:15:33.339Z P:26684 T:23784] SyncServiceImpl::Initialize,SyncState after authenticated was: FeatureNotRequestedNotSetup
2024-10-08T21:09:27.898Z P:26684 T:23784] SyncServiceImpl::ResetEngine,Reset engine with reason: 0
2024-10-08T22:01:30.389Z P:2108 T:3408] SyncServiceImpl::Initialize,SyncState after authenticated was: FeatureNotRequestedNotSetup
2024-10-08T22:22:49.351Z P:26964 T:5360] SyncServiceImpl::Initialize,SyncState after authenticated was: FeatureNotRequestedNotSetup
2024-10-08T22:24:48.894Z P:21276 T:15548] SyncServiceImpl::Initialize,SyncState after authenticated was: FeatureNotRequestedNotSetup
2024-10-08T22:28:45.440Z P:19236 T:14224] SyncServiceImpl::Initialize,SyncState after authenticated was: FeatureNotRequestedNotSetup
2024-10-08T22:34:58.376Z P:19236 T:14224] SyncServiceImpl::ResetEngine,Reset engine with reason: 0
2024-10-08T22:35:45.863Z P:31800 T:25888] SyncServiceImpl::Initialize,SyncState after authenticated was: FeatureNotRequestedNotSetup
2024-10-08T23:22:23.168Z P:31800 T:25888] SyncServiceImpl::ResetEngine,Reset engine with reason: 0
2024-10-08T23:24:43.395Z P:1084 T:1996] SyncServiceImpl::Initialize,SyncState after authenticated was: FeatureNotRequestedNotSetup
2024-10-08T23:29:05.422Z P:33476 T:21772] SyncServiceImpl::Initialize,SyncState after authenticated was: FeatureNotRequestedNotSetup
2024-10-09T00:32:48.887Z P:33476 T:21772] SyncServiceImpl::ResetEngine,Reset engine with reason: 0
2024-10-09T12:59:43.633Z P:17028 T:21676] SyncServiceImpl::Initialize,SyncState after authenticated was: FeatureNotRequestedNotSetup
2024-10-09T14:24:02.720Z P:31592 T:13544] SyncServiceImpl::Initialize,SyncState after authenticated was: FeatureNotRequestedNotSetup
2024-10-09T15:35:12.786Z P:14252 T:18788] SyncServiceImpl::Initialize,SyncState after authenticated was: FeatureNotRequestedNotSetup
2024-10-09T16:13:31.961Z P:1876 T:15648] SyncServiceImpl::Initialize,SyncState after authenticated was: FeatureNotRequestedNotSetup
2024-10-09T16:17:58.342Z P:9684 T:26036] SyncServiceImpl::Initialize,SyncState after authenticated was: FeatureNotRequestedNotSetup
2024-10-09T16:31:14.872Z P:9684 T:26036] SyncServiceImpl::ResetEngine,Reset engine with reason: 0
2024-10-09T18:07:38.073Z P:8520 T:24504] SyncServiceImpl::Initialize,SyncState after authenticated was: FeatureNotRequestedNotSetup
2024-10-09T18:29:52.622Z P:1208 T:8328] SyncServiceImpl::Initialize,SyncState after authenticated was: FeatureNotRequestedNotSetup
2024-10-09T18:32:40.625Z P:29504 T:14996] SyncServiceImpl::Initialize,SyncState after authenticated was: FeatureNotRequestedNotSetup
2024-10-09T18:59:41.948Z P:21972 T:29848] SyncServiceImpl::Initialize,SyncState after authenticated was: FeatureNotRequestedNotSetup
2024-10-09T21:18:16.989Z P:13804 T:13996] SyncServiceImpl::Initialize,SyncState after authenticated was: FeatureNotRequestedNotSetup
2024-10-09T21:40:16.160Z P:19980 T:3224] SyncServiceImpl::Initialize,SyncState after authenticated was: FeatureNotRequestedNotSetup
2024-10-09T21:49:38.246Z P:8376 T:14064] SyncServiceImpl::Initialize,SyncState after authenticated was: FeatureNotRequestedNotSetup
2024-10-09T21:57:57.735Z P:19472 T:17840] SyncServiceImpl::Initialize,SyncState after authenticated was: FeatureNotRequestedNotSetup
2024-10-09T22:14:09.994Z P:21456 T:35340] SyncServiceImpl::Initialize,SyncState after authenticated was: FeatureNotRequestedNotSetup
2024-10-09T22:27:17.464Z P:21456 T:35340] SyncServiceImpl::ResetEngine,Reset engine with reason: 0
2024-10-09T22:28:09.988Z P:33820 T:35240] SyncServiceImpl::Initialize,SyncState after authenticated was: FeatureNotRequestedNotSetup
2024-10-09T22:41:16.321Z P:33820 T:35240] SyncServiceImpl::ResetEngine,Reset engine with reason: 0
2024-10-09T23:56:33.274Z P:14892 T:35532] SyncServiceImpl::Initialize,SyncState after authenticated was: FeatureNotRequestedNotSetup
2024-10-10T00:02:14.430Z P:22844 T:12304] SyncServiceImpl::Initialize,SyncState after authenticated was: FeatureNotRequestedNotSetup
2024-10-10T01:25:08.708Z P:22844 T:12304] SyncServiceImpl::ResetEngine,Reset engine with reason: 0
2024-10-10T12:52:57.906Z P:4008 T:19468] SyncServiceImpl::Initialize,SyncState after authenticated was: FeatureNotRequestedNotSetup
2024-10-10T14:31:47.931Z P:19804 T:13796] SyncServiceImpl::Initialize,SyncState after authenticated was: FeatureNotRequestedNotSetup
2024-10-10T14:41:50.069Z P:23784 T:128] SyncServiceImpl::Initialize,SyncState after authenticated was: FeatureNotRequestedNotSetup
2024-10-10T14:46:51.514Z P:3000 T:20828] SyncServiceImpl::Initialize,SyncState after authenticated was: FeatureNotRequestedNotSetup
2024-10-10T15:05:33.269Z P:23192 T:22640] SyncServiceImpl::Initialize,SyncState after authenticated was: FeatureNotRequestedNotSetup
2024-10-10T15:09:07.493Z P:2240 T:2644] SyncServiceImpl::Initialize,SyncState after authenticated was: FeatureNotRequestedNotSetup
2024-10-10T15:14:14.162Z P:23384 T:15428] SyncServiceImpl::Initialize,SyncState after authenticated was: FeatureNotRequestedNotSetup
2024-10-10T15:16:33.420Z P:23752 T:23420] SyncServiceImpl::Initialize,SyncState after authenticated was: FeatureNotRequestedNotSetup
2024-10-10T15:52:04.193Z P:20788 T:18948] SyncServiceImpl::Initialize,SyncState after authenticated was: FeatureNotRequestedNotSetup
2024-10-10T15:58:26.660Z P:21832 T:9924] SyncServiceImpl::Initialize,SyncState after authenticated was: FeatureNotRequestedNotSetup
2024-10-10T16:15:26.241Z P:20208 T:12068] SyncServiceImpl::Initialize,SyncState after authenticated was: FeatureNotRequestedNotSetup
2024-10-10T16:30:32.393Z P:26488 T:4180] SyncServiceImpl::Initialize,SyncState after authenticated was: FeatureNotRequestedNotSetup
2024-10-10T16:33:31.215Z P:18900 T:25792] SyncServiceImpl::Initialize,SyncState after authenticated was: FeatureNotRequestedNotSetup
2024-10-10T16:36:31.131Z P:26172 T:11204] SyncServiceImpl::Initialize,SyncState after authenticated was: FeatureNotRequestedNotSetup
2024-10-10T16:47:28.212Z P:16764 T:21560] SyncServiceImpl::Initialize,SyncState after authenticated was: FeatureNotRequestedNotSetup
2024-10-10T16:50:27.027Z P:26492 T:11220] SyncServiceImpl::Initialize,SyncState after authenticated was: FeatureNotRequestedNotSetup
2024-10-10T19:06:13.303Z P:8936 T:20288] SyncServiceImpl::Initialize,SyncState after authenticated was: FeatureNotRequestedNotSetup
2024-10-10T19:20:59.834Z P:8936 T:20288] SyncServiceImpl::ResetEngine,Reset engine with reason: 0
2024-10-10T19:22:26.960Z P:24888 T:24608] SyncServiceImpl::Initialize,SyncState after authenticated was: FeatureNotRequestedNotSetup
2024-10-10T21:23:49.952Z P:15848 T:2044] SyncServiceImpl::Initialize,SyncState after authenticated was: FeatureNotRequestedNotSetup
2024-10-10T21:27:37.503Z P:1856 T:15864] SyncServiceImpl::Initialize,SyncState after authenticated was: FeatureNotRequestedNotSetup
2024-10-10T21:31:43.620Z P:1856 T:15864] SyncServiceImpl::ResetEngine,Reset engine with reason: 0
2024-10-10T21:32:43.771Z P:1384 T:18200] SyncServiceImpl::Initialize,SyncState after authenticated was: FeatureNotRequestedNotSetup
2024-10-10T21:44:02.121Z P:10588 T:7316] SyncServiceImpl::Initialize,SyncState after authenticated was: FeatureNotRequestedNotSetup
2024-10-10T22:00:33.548Z P:16348 T:22092] SyncServiceImpl::Initialize,SyncState after authenticated was: FeatureNotRequestedNotSetup
2024-10-10T22:42:44.879Z P:16348 T:22092] SyncServiceImpl::ResetEngine,Reset engine with reason: 0
2024-10-10T22:43:52.277Z P:19036 T:25720] SyncServiceImpl::Initialize,SyncState after authenticated was: FeatureNotRequestedNotSetup
2024-10-10T22:53:57.736Z P:12584 T:7464] SyncServiceImpl::Initialize,SyncState after authenticated was: FeatureNotRequestedNotSetup
2024-10-10T23:25:32.110Z P:21780 T:12712] SyncServiceImpl::Initialize,SyncState after authenticated was: FeatureNotRequestedNotSetup
2024-10-10T23:39:02.734Z P:2264 T:12964] SyncServiceImpl::Initialize,SyncState after authenticated was: FeatureNotRequestedNotSetup
2024-10-10T23:47:07.744Z P:24164 T:16488] SyncServiceImpl::Initialize,SyncState after authenticated was: FeatureNotRequestedNotSetup
2024-10-11T00:02:16.789Z P:25248 T:21444] SyncServiceImpl::Initialize,SyncState after authenticated was: FeatureNotRequestedNotSetup
2024-10-11T00:07:02.514Z P:3172 T:24340] SyncServiceImpl::Initialize,SyncState after authenticated was: FeatureNotRequestedNotSetup
2024-10-11T00:14:40.783Z P:15692 T:13332] SyncServiceImpl::Initialize,SyncState after authenticated was: FeatureNotRequestedNotSetup
2024-10-11T00:26:41.158Z P:15692 T:13332] SyncServiceImpl::ResetEngine,Reset engine with reason: 0
2024-10-11T00:29:34.920Z P:1164 T:18064] SyncServiceImpl::Initialize,SyncState after authenticated was: FeatureNotRequestedNotSetup
2024-10-11T00:31:50.491Z P:1164 T:18064] SyncServiceImpl::ResetEngine,Reset engine with reason: 0
2024-10-11T00:44:47.246Z P:21176 T:6872] SyncServiceImpl::Initialize,SyncState after authenticated was: FeatureNotRequestedNotSetup
2024-10-11T01:12:05.799Z P:16536 T:22124] SyncServiceImpl::Initialize,SyncState after authenticated was: FeatureNotRequestedNotSetup
2024-10-11T01:17:37.653Z P:8124 T:10412] SyncServiceImpl::Initialize,SyncState after authenticated was: FeatureNotRequestedNotSetup
2024-10-11T13:39:49.643Z P:13976 T:7076] SyncServiceImpl::Initialize,SyncState after authenticated was: FeatureNotRequestedNotSetup
2024-10-11T14:19:44.842Z P:13976 T:7076] SyncServiceImpl::ResetEngine,Reset engine with reason: 0
2024-10-11T14:49:52.208Z P:19664 T:18948] SyncServiceImpl::Initialize,SyncState after authenticated was: FeatureNotRequestedNotSetup
2024-10-11T14:58:24.823Z P:19896 T:5588] SyncServiceImpl::Initialize,SyncState after authenticated was: FeatureNotRequestedNotSetup
2024-10-11T18:15:42.728Z P:19952 T:15728] SyncServiceImpl::Initialize,SyncState after authenticated was: FeatureNotRequestedNotSetup
2024-10-11T19:38:36.789Z P:14356 T:14584] SyncServiceImpl::Initialize,SyncState after authenticated was: FeatureNotRequestedNotSetup
2024-10-11T19:56:51.753Z P:22328 T:7972] SyncServiceImpl::Initialize,SyncState after authenticated was: FeatureNotRequestedNotSetup
2024-10-11T20:00:34.159Z P:14236 T:13676] SyncServiceImpl::Initialize,SyncState after authenticated was: FeatureNotRequestedNotSetup
2024-10-11T20:16:00.970Z P:17736 T:15940] SyncServiceImpl::Initialize,SyncState after authenticated was: FeatureNotRequestedNotSetup
2024-10-11T20:22:03.425Z P:18456 T:22516] SyncServiceImpl::Initialize,SyncState after authenticated was: FeatureNotRequestedNotSetup
2024-10-11T20:32:40.813Z P:15348 T:21024] SyncServiceImpl::Initialize,SyncState after authenticated was: FeatureNotRequestedNotSetup
2024-10-11T20:51:57.569Z P:12072 T:22828] SyncServiceImpl::Initialize,SyncState after authenticated was: FeatureNotRequestedNotSetup
2024-10-11T21:07:17.152Z P:12072 T:22828] SyncServiceImpl::ResetEngine,Reset engine with reason: 0
2024-10-11T21:08:46.986Z P:3676 T:16256] SyncServiceImpl::Initialize,SyncState after authenticated was: FeatureNotRequestedNotSetup
2024-10-11T21:38:48.177Z P:19652 T:22732] SyncServiceImpl::Initialize,SyncState after authenticated was: FeatureNotRequestedNotSetup
2024-10-11T22:08:02.954Z P:13060 T:19516] SyncServiceImpl::Initialize,SyncState after authenticated was: FeatureNotRequestedNotSetup
2024-10-11T23:07:50.512Z P:3112 T:17048] SyncServiceImpl::Initialize,SyncState after authenticated was: FeatureNotRequestedNotSetup
2024-10-12T18:32:53.920Z P:13320 T:13968] SyncServiceImpl::Initialize,SyncState after authenticated was: FeatureNotRequestedNotSetup
2024-10-12T18:50:36.307Z P:14840 T:14392] SyncServiceImpl::Initialize,SyncState after authenticated was: FeatureNotRequestedNotSetup
2024-10-12T19:48:40.810Z P:8580 T:16296] SyncServiceImpl::Initialize,SyncState after authenticated was: FeatureNotRequestedNotSetup
2024-10-12T20:24:21.211Z P:14868 T:11320] SyncServiceImpl::Initialize,SyncState after authenticated was: FeatureNotRequestedNotSetup
2024-10-12T20:30:47.946Z P:14868 T:11320] SyncServiceImpl::ResetEngine,Reset engine with reason: 0
2024-10-12T20:34:33.000Z P:17728 T:21860] SyncServiceImpl::Initialize,SyncState after authenticated was: FeatureNotRequestedNotSetup
2024-10-12T20:44:01.458Z P:19136 T:17316] SyncServiceImpl::Initialize,SyncState after authenticated was: FeatureNotRequestedNotSetup
2024-10-12T20:50:23.756Z P:3884 T:13664] SyncServiceImpl::Initialize,SyncState after authenticated was: FeatureNotRequestedNotSetup
2024-10-12T20:58:08.519Z P:20928 T:4188] SyncServiceImpl::Initialize,SyncState after authenticated was: FeatureNotRequestedNotSetup
2024-10-12T21:20:38.995Z P:10932 T:24692] SyncServiceImpl::Initialize,SyncState after authenticated was: FeatureNotRequestedNotSetup
2024-10-12T21:56:36.455Z P:22460 T:21480] SyncServiceImpl::Initialize,SyncState after authenticated was: FeatureNotRequestedNotSetup
2024-10-12T22:05:45.364Z P:18992 T:16776] SyncServiceImpl::Initialize,SyncState after authenticated was: FeatureNotRequestedNotSetup
2024-10-12T22:15:22.338Z P:11384 T:10632] SyncServiceImpl::Initialize,SyncState after authenticated was: FeatureNotRequestedNotSetup
2024-10-12T22:20:02.737Z P:21364 T:24280] SyncServiceImpl::Initialize,SyncState after authenticated was: FeatureNotRequestedNotSetup
2024-10-12T22:22:49.619Z P:21364 T:24280] SyncServiceImpl::ResetEngine,Reset engine with reason: 0
2024-10-12T22:24:40.099Z P:4380 T:7368] SyncServiceImpl::Initialize,SyncState after authenticated was: FeatureNotRequestedNotSetup
2024-10-12T22:56:53.202Z P:10008 T:18248] SyncServiceImpl::Initialize,SyncState after authenticated was: FeatureNotRequestedNotSetup
2024-10-12T23:06:55.070Z P:24984 T:20528] SyncServiceImpl::Initialize,SyncState after authenticated was: FeatureNotRequestedNotSetup
2024-10-12T23:18:43.277Z P:17492 T:23936] SyncServiceImpl::Initialize,SyncState after authenticated was: FeatureNotRequestedNotSetup
2024-10-12T23:40:12.446Z P:13824 T:7008] SyncServiceImpl::Initialize,SyncState after authenticated was: FeatureNotRequestedNotSetup
2024-10-12T23:50:23.841Z P:12728 T:13592] SyncServiceImpl::Initialize,SyncState after authenticated was: FeatureNotRequestedNotSetup
2024-10-13T00:09:41.083Z P:12728 T:13592] SyncServiceImpl::ResetEngine,Reset engine with reason: 0
2024-10-13T01:54:00.774Z P:23676 T:21696] SyncServiceImpl::Initialize,SyncState after authenticated was: FeatureNotRequestedNotSetup
2024-10-13T02:00:52.632Z P:15504 T:6960] SyncServiceImpl::Initialize,SyncState after authenticated was: FeatureNotRequestedNotSetup
2024-10-13T02:25:43.000Z P:21568 T:8888] SyncServiceImpl::Initialize,SyncState after authenticated was: FeatureNotRequestedNotSetup
